class java.io.IOException
java.io.File.createNewFile(File.java:883)
sfw.structure.cvsStructure.objects.TabInterfaces.<init>(TabInterfaces.java:124)
sfw.structure.cvsStructure.CVSStructure.spoolCVSStruture(CVSStructure.java:499)
sfw.structure.cvsStructure.JFrameCVS$14.run(JFrameCVS.java:711)
java.lang.Thread.run(Thread.java:619)
class java.io.IOException
java.io.File.createNewFile(File.java:883)
sfw.structure.cvsStructure.objects.TabInterfaces.<init>(TabInterfaces.java:124)
sfw.structure.cvsStructure.CVSStructure.spoolCVSStruture(CVSStructure.java:499)
sfw.structure.cvsStructure.JFrameCVS$14.run(JFrameCVS.java:711)
java.lang.Thread.run(Thread.java:619)
class java.io.IOException
java.io.File.createNewFile(File.java:883)
sfw.structure.cvsStructure.objects.TabInterfaces.<init>(TabInterfaces.java:124)
sfw.structure.cvsStructure.CVSStructure.spoolCVSStruture(CVSStructure.java:499)
sfw.structure.cvsStructure.JFrameCVS$14.run(JFrameCVS.java:711)
java.lang.Thread.run(Thread.java:619)
class java.io.IOException
java.io.File.createNewFile(File.java:883)
sfw.structure.cvsStructure.objects.TabInterfaces.<init>(TabInterfaces.java:124)
sfw.structure.cvsStructure.CVSStructure.spoolCVSStruture(CVSStructure.java:499)
sfw.structure.cvsStructure.JFrameCVS$14.run(JFrameCVS.java:711)
java.lang.Thread.run(Thread.java:619)
class java.io.IOException
java.io.File.createNewFile(File.java:883)
sfw.structure.cvsStructure.objects.TabInterfaces.<init>(TabInterfaces.java:124)
sfw.structure.cvsStructure.CVSStructure.spoolCVSStruture(CVSStructure.java:499)
sfw.structure.cvsStructure.JFrameCVS$14.run(JFrameCVS.java:711)
java.lang.Thread.run(Thread.java:619)
class java.io.IOException
java.io.File.createNewFile(File.java:883)
sfw.structure.cvsStructure.objects.TabInterfaces.<init>(TabInterfaces.java:124)
sfw.structure.cvsStructure.CVSStructure.spoolCVSStruture(CVSStructure.java:499)
sfw.structure.cvsStructure.JFrameCVS$14.run(JFrameCVS.java:711)
java.lang.Thread.run(Thread.java:619)
class java.io.IOException
java.io.File.createNewFile(File.java:883)
sfw.structure.cvsStructure.objects.TabInterfaces.<init>(TabInterfaces.java:124)
sfw.structure.cvsStructure.CVSStructure.spoolCVSStruture(CVSStructure.java:499)
sfw.structure.cvsStructure.JFrameCVS$14.run(JFrameCVS.java:711)
java.lang.Thread.run(Thread.java:619)
class java.io.IOException
java.io.File.createNewFile(File.java:883)
sfw.structure.cvsStructure.objects.TabInterfaces.<init>(TabInterfaces.java:124)
sfw.structure.cvsStructure.CVSStructure.spoolCVSStruture(CVSStructure.java:499)
sfw.structure.cvsStructure.JFrameCVS$14.run(JFrameCVS.java:711)
java.lang.Thread.run(Thread.java:619)
class java.io.IOException
java.io.File.createNewFile(File.java:883)
sfw.structure.cvsStructure.objects.TabInterfaces.<init>(TabInterfaces.java:124)
sfw.structure.cvsStructure.CVSStructure.spoolCVSStruture(CVSStructure.java:499)
sfw.structure.cvsStructure.JFrameCVS$14.run(JFrameCVS.java:711)
java.lang.Thread.run(Thread.java:619)
class java.io.IOException
java.io.File.createNewFile(File.java:883)
sfw.structure.cvsStructure.objects.TabInterfaces.<init>(TabInterfaces.java:124)
sfw.structure.cvsStructure.CVSStructure.spoolCVSStruture(CVSStructure.java:499)
sfw.structure.cvsStructure.JFrameCVS$14.run(JFrameCVS.java:711)
java.lang.Thread.run(Thread.java:619)
class java.io.IOException
java.io.File.createNewFile(File.java:883)
sfw.structure.cvsStructure.objects.TabInterfaces.<init>(TabInterfaces.java:124)
sfw.structure.cvsStructure.CVSStructure.spoolCVSStruture(CVSStructure.java:499)
sfw.structure.cvsStructure.JFrameCVS$14.run(JFrameCVS.java:711)
java.lang.Thread.run(Thread.java:619)
class java.io.IOException
java.io.File.createNewFile(File.java:883)
sfw.structure.cvsStructure.objects.TabInterfaces.<init>(TabInterfaces.java:124)
sfw.structure.cvsStructure.CVSStructure.spoolCVSStruture(CVSStructure.java:499)
sfw.structure.cvsStructure.JFrameCVS$14.run(JFrameCVS.java:711)
java.lang.Thread.run(Thread.java:619)
class java.io.IOException
java.io.File.createNewFile(File.java:883)
sfw.structure.cvsStructure.objects.TabInterfaces.<init>(TabInterfaces.java:124)
sfw.structure.cvsStructure.CVSStructure.spoolCVSStruture(CVSStructure.java:499)
sfw.structure.cvsStructure.JFrameCVS$14.run(JFrameCVS.java:711)
java.lang.Thread.run(Thread.java:619)
class java.io.IOException
java.io.File.createNewFile(File.java:883)
sfw.structure.cvsStructure.objects.TabInterfaces.<init>(TabInterfaces.java:124)
sfw.structure.cvsStructure.CVSStructure.spoolCVSStruture(CVSStructure.java:499)
sfw.structure.cvsStructure.JFrameCVS$14.run(JFrameCVS.java:711)
java.lang.Thread.run(Thread.java:619)
class java.io.IOException
java.io.File.createNewFile(File.java:883)
sfw.structure.cvsStructure.objects.TabInterfaces.<init>(TabInterfaces.java:124)
sfw.structure.cvsStructure.CVSStructure.spoolCVSStruture(CVSStructure.java:499)
sfw.structure.cvsStructure.JFrameCVS$14.run(JFrameCVS.java:711)
java.lang.Thread.run(Thread.java:619)
class java.sql.SQLException
oracle.jdbc.driver.DatabaseError.throwSqlException(DatabaseError.java:146)
oracle.jdbc.driver.OracleResultSetImpl.next(OracleResultSetImpl.java:181)
sfw.structure.cvsStructure.CVSStructure.spoolCVSStruture(CVSStructure.java:498)
sfw.structure.cvsStructure.JFrameCVS$14.run(JFrameCVS.java:711)
java.lang.Thread.run(Thread.java:619)
class java.sql.SQLException
oracle.jdbc.driver.DatabaseError.throwSqlException(DatabaseError.java:146)
oracle.jdbc.driver.OracleResultSetImpl.next(OracleResultSetImpl.java:181)
sfw.structure.cvsStructure.CVSStructure.spoolCVSStruture(CVSStructure.java:435)
sfw.structure.cvsStructure.JFrameCVS$14.run(JFrameCVS.java:711)
java.lang.Thread.run(Thread.java:619)
